[2026-05-01 06:00:14] Telegram cron start
Ukupno poslato: 0
[2026-05-01 06:00:14] Telegram cron end

[2026-05-02 06:00:08] Telegram cron start
  ✓ Poslato → Pedja (zadatak: Proveri status šperploče za kombi da li je stigla i kada mogu da to iseku i postave)
Ukupno poslato: 1
[2026-05-02 06:00:09] Telegram cron end

[2026-05-03 06:00:10] Telegram cron start
  ✓ Poslato → Pedja (zadatak: Proveri status šperploče za kombi da li je stigla i kada mogu da to iseku i postave)
Ukupno poslato: 1
[2026-05-03 06:00:11] Telegram cron end

[2026-05-04 06:00:03] Telegram cron start
  ✓ Poslato → Pedja (zadatak: Proveriti za štampač da li je sve u redu ako ne jave iz PERIHARDA i planirati preuzimanje)
Ukupno poslato: 1
[2026-05-04 06:00:03] Telegram cron end

[2026-05-05 06:00:02] Telegram cron start
Ukupno poslato: 0
[2026-05-05 06:00:02] Telegram cron end

[2026-05-06 06:00:03] Telegram cron start
  ✓ Poslato → Pedja (zadatak: Isprati porudžbinu prelaza za horizontalne oluke od Vlade PROMONT)
Ukupno poslato: 1
[2026-05-06 06:00:03] Telegram cron end

[2026-05-07 06:00:13] Telegram cron start
Ukupno poslato: 0
[2026-05-07 06:00:13] Telegram cron end

[2026-05-08 06:00:04] Telegram cron start
Ukupno poslato: 0
[2026-05-08 06:00:04] Telegram cron end

